2018-06-04 10:32:34  [ http-nio-8060-exec-3:0 ] - [ DEBUG ]  Couldn't find template in cache for "eureka/status.ftl"("zh_CN", UTF-8, parsed); will try to load it.
  2018-06-04 10:32:34  [ http-nio-8060-exec-3:16 ] - [ DEBUG ]  TemplateLoader.findTemplateSource("eureka/status_zh_CN.ftl"): Not found
  2018-06-04 10:32:34  [ http-nio-8060-exec-3:18 ] - [ DEBUG ]  TemplateLoader.findTemplateSource("eureka/status_zh.ftl"): Not found
  2018-06-04 10:32:34  [ http-nio-8060-exec-3:20 ] - [ DEBUG ]  TemplateLoader.findTemplateSource("eureka/status.ftl"): Found
  2018-06-04 10:32:34  [ http-nio-8060-exec-3:21 ] - [ DEBUG ]  Loading template for "eureka/status.ftl"("zh_CN", UTF-8, parsed) from "class path resource [templates/eureka/status.ftl]"
  2018-06-04 10:32:34  [ http-nio-8060-exec-3:289 ] - [ DEBUG ]  "eureka/status.ftl"("zh_CN", UTF-8, parsed) cached copy not yet stale; using cached.
  2018-06-04 10:32:34  [ http-nio-8060-exec-3:294 ] - [ DEBUG ]  "eureka/status.ftl"("zh_CN", UTF-8, parsed) cached copy not yet stale; using cached.
  2018-06-04 10:32:34  [ http-nio-8060-exec-3:307 ] - [ DEBUG ]  Couldn't find template in cache for "spring.ftl"("zh_CN", UTF-8, parsed); will try to load it.
  2018-06-04 10:32:34  [ http-nio-8060-exec-3:308 ] - [ DEBUG ]  TemplateLoader.findTemplateSource("spring_zh_CN.ftl"): Not found
  2018-06-04 10:32:34  [ http-nio-8060-exec-3:309 ] - [ DEBUG ]  TemplateLoader.findTemplateSource("spring_zh.ftl"): Not found
  2018-06-04 10:32:34  [ http-nio-8060-exec-3:311 ] - [ DEBUG ]  TemplateLoader.findTemplateSource("spring.ftl"): Found
  2018-06-04 10:32:34  [ http-nio-8060-exec-3:311 ] - [ DEBUG ]  Loading template for "spring.ftl"("zh_CN", UTF-8, parsed) from "jar:file:/F:/.m2/repository/org/springframework/spring-webmvc/4.2.8.RELEASE/spring-webmvc-4.2.8.RELEASE.jar!/org/springframework/web/servlet/view/freemarker/spring.ftl"
  2018-06-04 10:32:35  [ http-nio-8060-exec-3:525 ] - [ DEBUG ]  Couldn't find template in cache for "eureka/header.ftl"("zh_CN", UTF-8, parsed); will try to load it.
  2018-06-04 10:32:35  [ http-nio-8060-exec-3:526 ] - [ DEBUG ]  TemplateLoader.findTemplateSource("eureka/header_zh_CN.ftl"): Not found
  2018-06-04 10:32:35  [ http-nio-8060-exec-3:527 ] - [ DEBUG ]  TemplateLoader.findTemplateSource("eureka/header_zh.ftl"): Not found
  2018-06-04 10:32:35  [ http-nio-8060-exec-3:527 ] - [ DEBUG ]  TemplateLoader.findTemplateSource("eureka/header.ftl"): Found
  2018-06-04 10:32:35  [ http-nio-8060-exec-3:528 ] - [ DEBUG ]  Loading template for "eureka/header.ftl"("zh_CN", UTF-8, parsed) from "class path resource [templates/eureka/header.ftl]"
  2018-06-04 10:32:35  [ http-nio-8060-exec-3:531 ] - [ DEBUG ]  "spring.ftl"("zh_CN", UTF-8, parsed) cached copy not yet stale; using cached.
  2018-06-04 10:32:35  [ http-nio-8060-exec-3:532 ] - [ DEBUG ]  Couldn't find template in cache for "eureka/navbar.ftl"("zh_CN", UTF-8, parsed); will try to load it.
  2018-06-04 10:32:35  [ http-nio-8060-exec-3:534 ] - [ DEBUG ]  TemplateLoader.findTemplateSource("eureka/navbar_zh_CN.ftl"): Not found
  2018-06-04 10:32:35  [ http-nio-8060-exec-3:535 ] - [ DEBUG ]  TemplateLoader.findTemplateSource("eureka/navbar_zh.ftl"): Not found
  2018-06-04 10:32:35  [ http-nio-8060-exec-3:535 ] - [ DEBUG ]  TemplateLoader.findTemplateSource("eureka/navbar.ftl"): Found
  2018-06-04 10:32:35  [ http-nio-8060-exec-3:536 ] - [ DEBUG ]  Loading template for "eureka/navbar.ftl"("zh_CN", UTF-8, parsed) from "class path resource [templates/eureka/navbar.ftl]"
  2018-06-04 10:44:24  [ http-nio-8060-exec-8:0 ] - [ DEBUG ]  Couldn't find template in cache for "eureka/status.ftl"("zh_CN", UTF-8, parsed); will try to load it.
  2018-06-04 10:44:24  [ http-nio-8060-exec-8:5 ] - [ DEBUG ]  TemplateLoader.findTemplateSource("eureka/status_zh_CN.ftl"): Not found
  2018-06-04 10:44:24  [ http-nio-8060-exec-8:7 ] - [ DEBUG ]  TemplateLoader.findTemplateSource("eureka/status_zh.ftl"): Not found
  2018-06-04 10:44:24  [ http-nio-8060-exec-8:8 ] - [ DEBUG ]  TemplateLoader.findTemplateSource("eureka/status.ftl"): Found
  2018-06-04 10:44:24  [ http-nio-8060-exec-8:9 ] - [ DEBUG ]  Loading template for "eureka/status.ftl"("zh_CN", UTF-8, parsed) from "class path resource [templates/eureka/status.ftl]"
  2018-06-04 10:44:25  [ http-nio-8060-exec-8:124 ] - [ DEBUG ]  "eureka/status.ftl"("zh_CN", UTF-8, parsed) cached copy not yet stale; using cached.
  2018-06-04 10:44:25  [ http-nio-8060-exec-8:128 ] - [ DEBUG ]  "eureka/status.ftl"("zh_CN", UTF-8, parsed) cached copy not yet stale; using cached.
  2018-06-04 10:44:25  [ http-nio-8060-exec-8:133 ] - [ DEBUG ]  Couldn't find template in cache for "spring.ftl"("zh_CN", UTF-8, parsed); will try to load it.
  2018-06-04 10:44:25  [ http-nio-8060-exec-8:134 ] - [ DEBUG ]  TemplateLoader.findTemplateSource("spring_zh_CN.ftl"): Not found
  2018-06-04 10:44:25  [ http-nio-8060-exec-8:135 ] - [ DEBUG ]  TemplateLoader.findTemplateSource("spring_zh.ftl"): Not found
  2018-06-04 10:44:25  [ http-nio-8060-exec-8:136 ] - [ DEBUG ]  TemplateLoader.findTemplateSource("spring.ftl"): Found
  2018-06-04 10:44:25  [ http-nio-8060-exec-8:136 ] - [ DEBUG ]  Loading template for "spring.ftl"("zh_CN", UTF-8, parsed) from "jar:file:/F:/.m2/repository/org/springframework/spring-webmvc/4.2.8.RELEASE/spring-webmvc-4.2.8.RELEASE.jar!/org/springframework/web/servlet/view/freemarker/spring.ftl"
  2018-06-04 10:44:25  [ http-nio-8060-exec-8:184 ] - [ DEBUG ]  Couldn't find template in cache for "eureka/header.ftl"("zh_CN", UTF-8, parsed); will try to load it.
  2018-06-04 10:44:25  [ http-nio-8060-exec-8:185 ] - [ DEBUG ]  TemplateLoader.findTemplateSource("eureka/header_zh_CN.ftl"): Not found
  2018-06-04 10:44:25  [ http-nio-8060-exec-8:186 ] - [ DEBUG ]  TemplateLoader.findTemplateSource("eureka/header_zh.ftl"): Not found
  2018-06-04 10:44:25  [ http-nio-8060-exec-8:188 ] - [ DEBUG ]  TemplateLoader.findTemplateSource("eureka/header.ftl"): Found
  2018-06-04 10:44:25  [ http-nio-8060-exec-8:189 ] - [ DEBUG ]  Loading template for "eureka/header.ftl"("zh_CN", UTF-8, parsed) from "class path resource [templates/eureka/header.ftl]"
  2018-06-04 10:44:25  [ http-nio-8060-exec-8:191 ] - [ DEBUG ]  "spring.ftl"("zh_CN", UTF-8, parsed) cached copy not yet stale; using cached.
  2018-06-04 10:44:25  [ http-nio-8060-exec-8:192 ] - [ DEBUG ]  Couldn't find template in cache for "eureka/navbar.ftl"("zh_CN", UTF-8, parsed); will try to load it.
  2018-06-04 10:44:25  [ http-nio-8060-exec-8:193 ] - [ DEBUG ]  TemplateLoader.findTemplateSource("eureka/navbar_zh_CN.ftl"): Not found
  2018-06-04 10:44:25  [ http-nio-8060-exec-8:194 ] - [ DEBUG ]  TemplateLoader.findTemplateSource("eureka/navbar_zh.ftl"): Not found
  2018-06-04 10:44:25  [ http-nio-8060-exec-8:194 ] - [ DEBUG ]  TemplateLoader.findTemplateSource("eureka/navbar.ftl"): Found
  2018-06-04 10:44:25  [ http-nio-8060-exec-8:195 ] - [ DEBUG ]  Loading template for "eureka/navbar.ftl"("zh_CN", UTF-8, parsed) from "class path resource [templates/eureka/navbar.ftl]"
  2018-06-04 10:44:26  [ http-nio-8060-exec-4:1501 ] - [ DEBUG ]  "eureka/status.ftl"("zh_CN", UTF-8, parsed) cached copy not yet stale; using cached.
  2018-06-04 10:44:26  [ http-nio-8060-exec-4:1503 ] - [ DEBUG ]  "eureka/status.ftl"("zh_CN", UTF-8, parsed) cached copy not yet stale; using cached.
  2018-06-04 10:44:26  [ http-nio-8060-exec-4:1503 ] - [ DEBUG ]  "eureka/status.ftl"("zh_CN", UTF-8, parsed) cached copy not yet stale; using cached.
  2018-06-04 10:44:26  [ http-nio-8060-exec-4:1503 ] - [ DEBUG ]  "spring.ftl"("zh_CN", UTF-8, parsed) cached copy not yet stale; using cached.
  2018-06-04 10:44:26  [ http-nio-8060-exec-4:1504 ] - [ DEBUG ]  "eureka/header.ftl"("zh_CN", UTF-8, parsed) cached copy not yet stale; using cached.
  2018-06-04 10:44:26  [ http-nio-8060-exec-4:1504 ] - [ DEBUG ]  "spring.ftl"("zh_CN", UTF-8, parsed) cached copy not yet stale; using cached.
  2018-06-04 10:44:26  [ http-nio-8060-exec-4:1504 ] - [ DEBUG ]  "eureka/navbar.ftl"("zh_CN", UTF-8, parsed) cached copy not yet stale; using cached.
  2018-06-04 10:44:27  [ http-nio-8060-exec-2:2180 ] - [ DEBUG ]  "eureka/status.ftl"("zh_CN", UTF-8, parsed) cached copy not yet stale; using cached.
  2018-06-04 10:44:27  [ http-nio-8060-exec-2:2181 ] - [ DEBUG ]  "eureka/status.ftl"("zh_CN", UTF-8, parsed) cached copy not yet stale; using cached.
  2018-06-04 10:44:27  [ http-nio-8060-exec-2:2181 ] - [ DEBUG ]  "eureka/status.ftl"("zh_CN", UTF-8, parsed) cached copy not yet stale; using cached.
  2018-06-04 10:44:27  [ http-nio-8060-exec-2:2182 ] - [ DEBUG ]  "spring.ftl"("zh_CN", UTF-8, parsed) cached copy not yet stale; using cached.
  2018-06-04 10:44:27  [ http-nio-8060-exec-2:2182 ] - [ DEBUG ]  "eureka/header.ftl"("zh_CN", UTF-8, parsed) cached copy not yet stale; using cached.
  2018-06-04 10:44:27  [ http-nio-8060-exec-2:2182 ] - [ DEBUG ]  "spring.ftl"("zh_CN", UTF-8, parsed) cached copy not yet stale; using cached.
  2018-06-04 10:44:27  [ http-nio-8060-exec-2:2183 ] - [ DEBUG ]  "eureka/navbar.ftl"("zh_CN", UTF-8, parsed) cached copy not yet stale; using cached.
  2018-06-04 10:46:14  [ http-nio-8060-exec-6:109070 ] - [ DEBUG ]  TemplateLoader.findTemplateSource("eureka/status_zh_CN.ftl"): Not found
  2018-06-04 10:46:14  [ http-nio-8060-exec-6:109071 ] - [ DEBUG ]  TemplateLoader.findTemplateSource("eureka/status_zh.ftl"): Not found
  2018-06-04 10:46:14  [ http-nio-8060-exec-6:109072 ] - [ DEBUG ]  TemplateLoader.findTemplateSource("eureka/status.ftl"): Found
  2018-06-04 10:46:14  [ http-nio-8060-exec-6:109073 ] - [ DEBUG ]  "eureka/status.ftl"("zh_CN", UTF-8, parsed): using cached since class path resource [templates/eureka/status.ftl] hasn't changed.
  2018-06-04 10:46:14  [ http-nio-8060-exec-6:109075 ] - [ DEBUG ]  "eureka/status.ftl"("zh_CN", UTF-8, parsed) cached copy not yet stale; using cached.
  2018-06-04 10:46:14  [ http-nio-8060-exec-6:109076 ] - [ DEBUG ]  "eureka/status.ftl"("zh_CN", UTF-8, parsed) cached copy not yet stale; using cached.
  2018-06-04 10:46:14  [ http-nio-8060-exec-6:109077 ] - [ DEBUG ]  TemplateLoader.findTemplateSource("spring_zh_CN.ftl"): Not found
  2018-06-04 10:46:14  [ http-nio-8060-exec-6:109078 ] - [ DEBUG ]  TemplateLoader.findTemplateSource("spring_zh.ftl"): Not found
  2018-06-04 10:46:14  [ http-nio-8060-exec-6:109079 ] - [ DEBUG ]  TemplateLoader.findTemplateSource("spring.ftl"): Found
  2018-06-04 10:46:14  [ http-nio-8060-exec-6:109080 ] - [ DEBUG ]  "spring.ftl"("zh_CN", UTF-8, parsed): using cached since jar:file:/F:/.m2/repository/org/springframework/spring-webmvc/4.2.8.RELEASE/spring-webmvc-4.2.8.RELEASE.jar!/org/springframework/web/servlet/view/freemarker/spring.ftl hasn't changed.
  2018-06-04 10:46:14  [ http-nio-8060-exec-6:109082 ] - [ DEBUG ]  TemplateLoader.findTemplateSource("eureka/header_zh_CN.ftl"): Not found
  2018-06-04 10:46:14  [ http-nio-8060-exec-6:109084 ] - [ DEBUG ]  TemplateLoader.findTemplateSource("eureka/header_zh.ftl"): Not found
  2018-06-04 10:46:14  [ http-nio-8060-exec-6:109085 ] - [ DEBUG ]  TemplateLoader.findTemplateSource("eureka/header.ftl"): Found
  2018-06-04 10:46:14  [ http-nio-8060-exec-6:109087 ] - [ DEBUG ]  "eureka/header.ftl"("zh_CN", UTF-8, parsed): using cached since class path resource [templates/eureka/header.ftl] hasn't changed.
  2018-06-04 10:46:14  [ http-nio-8060-exec-6:109087 ] - [ DEBUG ]  "spring.ftl"("zh_CN", UTF-8, parsed) cached copy not yet stale; using cached.
  2018-06-04 10:46:14  [ http-nio-8060-exec-6:109088 ] - [ DEBUG ]  TemplateLoader.findTemplateSource("eureka/navbar_zh_CN.ftl"): Not found
  2018-06-04 10:46:14  [ http-nio-8060-exec-6:109089 ] - [ DEBUG ]  TemplateLoader.findTemplateSource("eureka/navbar_zh.ftl"): Not found
  2018-06-04 10:46:14  [ http-nio-8060-exec-6:109090 ] - [ DEBUG ]  TemplateLoader.findTemplateSource("eureka/navbar.ftl"): Found
  2018-06-04 10:46:14  [ http-nio-8060-exec-6:109091 ] - [ DEBUG ]  "eureka/navbar.ftl"("zh_CN", UTF-8, parsed): using cached since class path resource [templates/eureka/navbar.ftl] hasn't changed.
  2018-06-04 10:47:31  [ http-nio-8060-exec-10:187013 ] - [ DEBUG ]  TemplateLoader.findTemplateSource("eureka/status_zh_CN.ftl"): Not found
  2018-06-04 10:47:31  [ http-nio-8060-exec-10:187014 ] - [ DEBUG ]  TemplateLoader.findTemplateSource("eureka/status_zh.ftl"): Not found
  2018-06-04 10:47:31  [ http-nio-8060-exec-10:187015 ] - [ DEBUG ]  TemplateLoader.findTemplateSource("eureka/status.ftl"): Found
  2018-06-04 10:47:31  [ http-nio-8060-exec-10:187016 ] - [ DEBUG ]  "eureka/status.ftl"("zh_CN", UTF-8, parsed): using cached since class path resource [templates/eureka/status.ftl] hasn't changed.
  2018-06-04 10:47:31  [ http-nio-8060-exec-10:187017 ] - [ DEBUG ]  "eureka/status.ftl"("zh_CN", UTF-8, parsed) cached copy not yet stale; using cached.
  2018-06-04 10:47:31  [ http-nio-8060-exec-10:187018 ] - [ DEBUG ]  "eureka/status.ftl"("zh_CN", UTF-8, parsed) cached copy not yet stale; using cached.
  2018-06-04 10:47:31  [ http-nio-8060-exec-10:187019 ] - [ DEBUG ]  TemplateLoader.findTemplateSource("spring_zh_CN.ftl"): Not found
  2018-06-04 10:47:31  [ http-nio-8060-exec-10:187020 ] - [ DEBUG ]  TemplateLoader.findTemplateSource("spring_zh.ftl"): Not found
  2018-06-04 10:47:31  [ http-nio-8060-exec-10:187020 ] - [ DEBUG ]  TemplateLoader.findTemplateSource("spring.ftl"): Found
  2018-06-04 10:47:31  [ http-nio-8060-exec-10:187020 ] - [ DEBUG ]  "spring.ftl"("zh_CN", UTF-8, parsed): using cached since jar:file:/F:/.m2/repository/org/springframework/spring-webmvc/4.2.8.RELEASE/spring-webmvc-4.2.8.RELEASE.jar!/org/springframework/web/servlet/view/freemarker/spring.ftl hasn't changed.
  2018-06-04 10:47:32  [ http-nio-8060-exec-10:187022 ] - [ DEBUG ]  TemplateLoader.findTemplateSource("eureka/header_zh_CN.ftl"): Not found
  2018-06-04 10:47:32  [ http-nio-8060-exec-10:187022 ] - [ DEBUG ]  TemplateLoader.findTemplateSource("eureka/header_zh.ftl"): Not found
  2018-06-04 10:47:32  [ http-nio-8060-exec-10:187023 ] - [ DEBUG ]  TemplateLoader.findTemplateSource("eureka/header.ftl"): Found
  2018-06-04 10:47:32  [ http-nio-8060-exec-10:187024 ] - [ DEBUG ]  "eureka/header.ftl"("zh_CN", UTF-8, parsed): using cached since class path resource [templates/eureka/header.ftl] hasn't changed.
  2018-06-04 10:47:32  [ http-nio-8060-exec-10:187024 ] - [ DEBUG ]  "spring.ftl"("zh_CN", UTF-8, parsed) cached copy not yet stale; using cached.
  2018-06-04 10:47:32  [ http-nio-8060-exec-10:187025 ] - [ DEBUG ]  TemplateLoader.findTemplateSource("eureka/navbar_zh_CN.ftl"): Not found
  2018-06-04 10:47:32  [ http-nio-8060-exec-10:187026 ] - [ DEBUG ]  TemplateLoader.findTemplateSource("eureka/navbar_zh.ftl"): Not found
  2018-06-04 10:47:32  [ http-nio-8060-exec-10:187026 ] - [ DEBUG ]  TemplateLoader.findTemplateSource("eureka/navbar.ftl"): Found
  2018-06-04 10:47:32  [ http-nio-8060-exec-10:187027 ] - [ DEBUG ]  "eureka/navbar.ftl"("zh_CN", UTF-8, parsed): using cached since class path resource [templates/eureka/navbar.ftl] hasn't changed.
  